Using pre-set license

 COMMAND LINE ARGUMENTS:
/Applications/Unity/Hub/Editor/2020.3.10f1/Unity.app/Contents/MacOS/Unity
-adb2
-batchMode
-noUpm
-name
AssetImportWorker0
-projectPath
/Users/admin/Downloads/TestTask
-logFile
Logs/AssetImportWorker0.log
-srvPort
53881
Successfully changed project path to: /Users/admin/Downloads/TestTask
/Users/admin/Downloads/TestTask
Using Asset Import Pipeline V2.
Refreshing native plugins compatible for Editor in 30.33 ms, found 2 plugins.
Preloading 0 native plugins for Editor in 0.00 ms.
Initialize engine version: 2020.3.10f1 (297d780c91bc)
[Subsystems] Discovering subsystems at path /Applications/Unity/Hub/Editor/2020.3.10f1/Unity.app/Contents/Resources/UnitySubsystems
[Subsystems] Discovering subsystems at path /Users/admin/Downloads/TestTask/Assets
GfxDevice: creating device client; threaded=0
2021-06-21 11:57:07.324 Unity[34465:8135774] (null) preferred device: Apple M1 (high power)
2021-06-21 11:57:07.324 Unity[34465:8135774] Metal devices available: 1
2021-06-21 11:57:07.324 Unity[34465:8135774] 0: Apple M1 (high power)
2021-06-21 11:57:07.324 Unity[34465:8135774] Using device Apple M1 (high power)
Initializing Metal device caps: Apple M1
Initialize mono
Mono path[0] = '/Applications/Unity/Hub/Editor/2020.3.10f1/Unity.app/Contents/Managed'
Mono path[1] = '/Applications/Unity/Hub/Editor/2020.3.10f1/Unity.app/Contents/MonoBleedingEdge/lib/mono/unityjit'
Mono config path = '/Applications/Unity/Hub/Editor/2020.3.10f1/Unity.app/Contents/MonoBleedingEdge/etc'
Using monoOptions --debugger-agent=transport=dt_socket,embedding=1,server=y,suspend=n,address=127.0.0.1:56465
Begin MonoManager ReloadAssembly
Registering precompiled unity dll's ...
Register platform support module: /Applications/Unity/Hub/Editor/2020.3.10f1/Unity.app/Contents/PlaybackEngines/MacStandaloneSupport/UnityEditor.OSXStandalone.Extensions.dll
Registered in 0.000376 seconds.
Native extension for OSXStandalone target not found
Refreshing native plugins compatible for Editor in 33.28 ms, found 2 plugins.
Preloading 0 native plugins for Editor in 0.00 ms.
Mono: successfully reloaded assembly
- Completed reload, in  2.747 seconds
Platform modules already initialized, skipping
Registering precompiled user dll's ...
Registered in 0.001441 seconds.
Begin MonoManager ReloadAssembly
Native extension for OSXStandalone target not found
Refreshing native plugins compatible for Editor in 0.45 ms, found 2 plugins.
Preloading 0 native plugins for Editor in 0.00 ms.
Mono: successfully reloaded assembly
- Completed reload, in  2.345 seconds
Platform modules already initialized, skipping
========================================================================
Worker process is ready to serve import requests
Launching external process: /Applications/Unity/Hub/Editor/2020.3.10f1/Unity.app/Contents/Tools/UnityShaderCompiler
Launched and connected shader compiler UnityShaderCompiler after 0.03 seconds
Refreshing native plugins compatible for Editor in 0.35 ms, found 2 plugins.
Preloading 0 native plugins for Editor in 0.00 ms.
Unloading 1522 Unused Serialized files (Serialized files now loaded: 0)
System memory in use before: 158.1 MB.
System memory in use after: 157.7 MB.

Unloading 19 unused Assets to reduce memory usage. Loaded Objects now: 1967.
Total: 1.729334 ms (FindLiveObjects: 0.120541 ms CreateObjectMapping: 0.030042 ms MarkObjects: 1.214708 ms  DeleteObjects: 0.363250 ms)

========================================================================
Received Import Request.
  path: Assets/Scripts/AnimateCamera.cs
  artifactKey: Guid(c0a7111ead936cd408aa876732e2c43f) Importer(815301076,1909f56bfc062723c751e8b465ee728b)
Start importing Assets/Scripts/AnimateCamera.cs using Guid(c0a7111ead936cd408aa876732e2c43f) Importer(815301076,1909f56bfc062723c751e8b465ee728b)  -> (artifact id: '6963b7d4d53217dad2bc986c31540405') in 0.972395 seconds
  Import took 0.974344 seconds .

========================================================================
Received Import Request.
  Time since last request: 0.000450 seconds.
  path: Assets/Scripts
  artifactKey: Guid(5fd1073a0e7d43b4388827cb7dada362) Importer(815301076,1909f56bfc062723c751e8b465ee728b)
Start importing Assets/Scripts using Guid(5fd1073a0e7d43b4388827cb7dada362) Importer(815301076,1909f56bfc062723c751e8b465ee728b)  -> (artifact id: '09ab636b60df4385cb41937233036d2c') in 0.000557 seconds
  Import took 0.001984 seconds .

========================================================================
Received Prepare
Refreshing native plugins compatible for Editor in 2.30 ms, found 2 plugins.
Preloading 0 native plugins for Editor in 0.00 ms.
Unloading 12 Unused Serialized files (Serialized files now loaded: 0)
System memory in use before: 130.6 MB.
System memory in use after: 130.3 MB.

Unloading 12 unused Assets to reduce memory usage. Loaded Objects now: 1967.
Total: 1.612708 ms (FindLiveObjects: 0.113958 ms CreateObjectMapping: 0.027541 ms MarkObjects: 1.163334 ms  DeleteObjects: 0.307291 ms)

========================================================================
Received Import Request.
  Time since last request: 257.382345 seconds.
  path: Assets/Scripts/TextOnGUI.cs
  artifactKey: Guid(2a066ce32f051ac45a151fe4e5469cd3) Importer(815301076,1909f56bfc062723c751e8b465ee728b)
Start importing Assets/Scripts/TextOnGUI.cs using Guid(2a066ce32f051ac45a151fe4e5469cd3) Importer(815301076,1909f56bfc062723c751e8b465ee728b)  -> (artifact id: 'bc2ffdc64fd77d0b41aa87cfebd5f590') in 0.002762 seconds
  Import took 0.005724 seconds .

========================================================================
Received Import Request.
  Time since last request: 0.009111 seconds.
  path: Assets/Scripts/TextOnGUI.cs
  artifactKey: Guid(2a066ce32f051ac45a151fe4e5469cd3) Importer(815301076,1909f56bfc062723c751e8b465ee728b)
Start importing Assets/Scripts/TextOnGUI.cs using Guid(2a066ce32f051ac45a151fe4e5469cd3) Importer(815301076,1909f56bfc062723c751e8b465ee728b)  -> (artifact id: 'bc2ffdc64fd77d0b41aa87cfebd5f590') in 0.001166 seconds
  Import took 0.003560 seconds .

========================================================================
Received Prepare
Registering precompiled user dll's ...
Registered in 0.001583 seconds.
Begin MonoManager ReloadAssembly
Native extension for OSXStandalone target not found
Refreshing native plugins compatible for Editor in 0.38 ms, found 2 plugins.
Preloading 0 native plugins for Editor in 0.00 ms.
Mono: successfully reloaded assembly
- Completed reload, in  2.185 seconds
Platform modules already initialized, skipping
Refreshing native plugins compatible for Editor in 0.35 ms, found 2 plugins.
Preloading 0 native plugins for Editor in 0.00 ms.
Unloading 1495 Unused Serialized files (Serialized files now loaded: 0)
System memory in use before: 162.2 MB.
System memory in use after: 161.9 MB.

Unloading 14 unused Assets to reduce memory usage. Loaded Objects now: 1970.
Total: 1.554750 ms (FindLiveObjects: 0.096959 ms CreateObjectMapping: 0.029375 ms MarkObjects: 1.089625 ms  DeleteObjects: 0.337959 ms)

========================================================================
Received Import Request.
  Time since last request: 7758.470338 seconds.
  path: Assets/Scripts/TextOnGUI.cs
  artifactKey: Guid(2a066ce32f051ac45a151fe4e5469cd3) Importer(815301076,1909f56bfc062723c751e8b465ee728b)
Start importing Assets/Scripts/TextOnGUI.cs using Guid(2a066ce32f051ac45a151fe4e5469cd3) Importer(815301076,1909f56bfc062723c751e8b465ee728b)  -> (artifact id: '9d1d2b4a2e8a41f63f4e38636e2fa62d') in 0.004858 seconds
  Import took 0.006520 seconds .

========================================================================
Received Import Request.
  Time since last request: 23.436463 seconds.
  path: Assets/Standard Assets/Effects/LightFlares/Flares/50mmZoom.flare
  artifactKey: Guid(54fbbf098d116effa00081aba8ad6659) Importer(815301076,1909f56bfc062723c751e8b465ee728b)
Start importing Assets/Standard Assets/Effects/LightFlares/Flares/50mmZoom.flare using Guid(54fbbf098d116effa00081aba8ad6659) Importer(815301076,1909f56bfc062723c751e8b465ee728b)  -> (artifact id: '76ed3ab88e8a5a599e0bac50f240d13e') in 0.415939 seconds
  Import took 0.417973 seconds .

========================================================================
Received Import Request.
  Time since last request: 0.000278 seconds.
  path: Assets/Standard Assets/Vehicles/Car/Audio/AccelerationHigh.wav
  artifactKey: Guid(03e3bd08a6e70684dbe299a3e185fdd2) Importer(815301076,1909f56bfc062723c751e8b465ee728b)
Start importing Assets/Standard Assets/Vehicles/Car/Audio/AccelerationHigh.wav using Guid(03e3bd08a6e70684dbe299a3e185fdd2) Importer(815301076,1909f56bfc062723c751e8b465ee728b)  -> (artifact id: '3e85bd90167db73a5fe0dd40c1d0a472') in 0.678415 seconds
  Import took 0.680233 seconds .

========================================================================
Received Import Request.
  Time since last request: 0.000284 seconds.
  path: Assets/Standard Assets/Vehicles/Car/Audio/AccelerationLow.wav
  artifactKey: Guid(c4d8928c75c21af43998193f0f038429) Importer(815301076,1909f56bfc062723c751e8b465ee728b)
Start importing Assets/Standard Assets/Vehicles/Car/Audio/AccelerationLow.wav using Guid(c4d8928c75c21af43998193f0f038429) Importer(815301076,1909f56bfc062723c751e8b465ee728b)  -> (artifact id: '2dbbc6c8b173e0ff479be43734524e2c') in 0.009634 seconds
  Import took 0.011385 seconds .

========================================================================
Received Import Request.
  Time since last request: 0.000217 seconds.
  path: Assets/Standard Assets/Vehicles/Car/Audio/AccelerationHigh.wav
  artifactKey: Guid(03e3bd08a6e70684dbe299a3e185fdd2) Importer(815301076,1909f56bfc062723c751e8b465ee728b)
Start importing Assets/Standard Assets/Vehicles/Car/Audio/AccelerationHigh.wav using Guid(03e3bd08a6e70684dbe299a3e185fdd2) Importer(815301076,1909f56bfc062723c751e8b465ee728b)  -> (artifact id: '3e85bd90167db73a5fe0dd40c1d0a472') in 0.004974 seconds
  Import took 0.006899 seconds .

========================================================================
Received Import Request.
  Time since last request: 0.000237 seconds.
  path: Assets/Standard Assets/Vehicles/Car/Audio/AccelerationLow.wav
  artifactKey: Guid(c4d8928c75c21af43998193f0f038429) Importer(815301076,1909f56bfc062723c751e8b465ee728b)
Start importing Assets/Standard Assets/Vehicles/Car/Audio/AccelerationLow.wav using Guid(c4d8928c75c21af43998193f0f038429) Importer(815301076,1909f56bfc062723c751e8b465ee728b)  -> (artifact id: '2dbbc6c8b173e0ff479be43734524e2c') in 0.005390 seconds
  Import took 0.007094 seconds .

========================================================================
Received Import Request.
  Time since last request: 0.187205 seconds.
  path: Assets/Standard Assets/ParticleSystems/Prefabs/Afterburner.prefab
  artifactKey: Guid(d8c41be67f41aa545ae053b0b927f821) Importer(815301076,1909f56bfc062723c751e8b465ee728b)
Start importing Assets/Standard Assets/ParticleSystems/Prefabs/Afterburner.prefab using Guid(d8c41be67f41aa545ae053b0b927f821) Importer(815301076,1909f56bfc062723c751e8b465ee728b)  -> (artifact id: '84ee7d95ee19ee68bff6c5492643925e') in 0.208729 seconds
  Import took 0.211080 seconds .

========================================================================
Received Import Request.
  Time since last request: 1.822222 seconds.
  path: Assets/Standard Assets/Vehicles/Aircraft/Models/AircraftFuselage.fbx
  artifactKey: Guid(4fea6053a1424d44daf193f09be2d491) Importer(815301076,1909f56bfc062723c751e8b465ee728b)
Start importing Assets/Standard Assets/Vehicles/Aircraft/Models/AircraftFuselage.fbx using Guid(4fea6053a1424d44daf193f09be2d491) Importer(815301076,1909f56bfc062723c751e8b465ee728b)  -> (artifact id: 'ee3a8c25004c27d0e6462d6a182a422d') in 1.077256 seconds
  Import took 1.082688 seconds .

========================================================================
Received Import Request.
  Time since last request: 0.754179 seconds.
  path: Assets/SampleScenes/Models/Materials/Asteroid.mat
  artifactKey: Guid(ace554b28b3c23448817bd8c63e751ff) Importer(815301076,1909f56bfc062723c751e8b465ee728b)
Start importing Assets/SampleScenes/Models/Materials/Asteroid.mat using Guid(ace554b28b3c23448817bd8c63e751ff) Importer(815301076,1909f56bfc062723c751e8b465ee728b)  -> (artifact id: '30b4eca360a319605e31052b5b73d1ab') in 0.149080 seconds
  Import took 0.151808 seconds .

========================================================================
Received Import Request.
  Time since last request: 0.000235 seconds.
  path: Assets/Standard Assets/2D/Sprites/BackgroundGreyGridSprite.png
  artifactKey: Guid(cbbabe9e292f5604897926494bb38fef) Importer(815301076,1909f56bfc062723c751e8b465ee728b)
Start importing Assets/Standard Assets/2D/Sprites/BackgroundGreyGridSprite.png using Guid(cbbabe9e292f5604897926494bb38fef) Importer(815301076,1909f56bfc062723c751e8b465ee728b)  -> (artifact id: 'ca0cd8afefb958741d5a1c007d4cf2ac') in 0.476414 seconds
  Import took 0.478370 seconds .

========================================================================
Received Import Request.
  Time since last request: 0.000243 seconds.
  path: Assets/Standard Assets/2D/Sprites/BackgroundNavyGridSprite.png
  artifactKey: Guid(1d0c184845252df44a655359de388cb8) Importer(815301076,1909f56bfc062723c751e8b465ee728b)
Start importing Assets/Standard Assets/2D/Sprites/BackgroundNavyGridSprite.png using Guid(1d0c184845252df44a655359de388cb8) Importer(815301076,1909f56bfc062723c751e8b465ee728b)  -> (artifact id: '9626f1ffb31a7208817cb72e9cde5e2c') in 0.010323 seconds
  Import took 0.012118 seconds .

========================================================================
Received Import Request.
  Time since last request: 2.874341 seconds.
  path: Assets/Standard Assets/Fonts/OpenSans/OpenSansBold.ttf
  artifactKey: Guid(87c316b602156405d92e616621658222) Importer(815301076,1909f56bfc062723c751e8b465ee728b)
Start importing Assets/Standard Assets/Fonts/OpenSans/OpenSansBold.ttf using Guid(87c316b602156405d92e616621658222) Importer(815301076,1909f56bfc062723c751e8b465ee728b)  -> (artifact id: 'e800f357c1343f2825d6e854d049a6c6') in 0.887684 seconds
  Import took 0.889800 seconds .

========================================================================
Received Import Request.
  Time since last request: 0.000247 seconds.
  path: Assets/Standard Assets/Fonts/OpenSans/OpenSansRegular.ttf
  artifactKey: Guid(b51a3e520f9164da198dc59c8acfccd6) Importer(815301076,1909f56bfc062723c751e8b465ee728b)
Start importing Assets/Standard Assets/Fonts/OpenSans/OpenSansRegular.ttf using Guid(b51a3e520f9164da198dc59c8acfccd6) Importer(815301076,1909f56bfc062723c751e8b465ee728b)  -> (artifact id: '88bea1954de8e97a6fdaf33f1e5a3a8e') in 0.009598 seconds
  Import took 0.011533 seconds .

========================================================================
Received Import Request.
  Time since last request: 0.000345 seconds.
  path: Assets/Standard Assets/Fonts/OpenSans/OpenSansLight.ttf
  artifactKey: Guid(04a842e316b6f44bf8da702de26a8ed6) Importer(815301076,1909f56bfc062723c751e8b465ee728b)
Start importing Assets/Standard Assets/Fonts/OpenSans/OpenSansLight.ttf using Guid(04a842e316b6f44bf8da702de26a8ed6) Importer(815301076,1909f56bfc062723c751e8b465ee728b)  -> (artifact id: '7572603765639b2503ecf555e355fa03') in 0.008774 seconds
  Import took 0.010565 seconds .

========================================================================
Received Import Request.
  Time since last request: 3559.962313 seconds.
  path: Assets/Scripts/EventManager.cs
  artifactKey: Guid(13127be9c5686fe4a91e30c3fb1f40df) Importer(815301076,1909f56bfc062723c751e8b465ee728b)
Start importing Assets/Scripts/EventManager.cs using Guid(13127be9c5686fe4a91e30c3fb1f40df) Importer(815301076,1909f56bfc062723c751e8b465ee728b)  -> (artifact id: '13122e9a9edbeb36828dc07da040c5c3') in 0.003803 seconds
  Import took 0.007115 seconds .

========================================================================
Received Import Request.
  Time since last request: 0.005016 seconds.
  path: Assets/Scripts/EventManager.cs
  artifactKey: Guid(13127be9c5686fe4a91e30c3fb1f40df) Importer(815301076,1909f56bfc062723c751e8b465ee728b)
Start importing Assets/Scripts/EventManager.cs using Guid(13127be9c5686fe4a91e30c3fb1f40df) Importer(815301076,1909f56bfc062723c751e8b465ee728b)  -> (artifact id: '13122e9a9edbeb36828dc07da040c5c3') in 0.003137 seconds
  Import took 0.006012 seconds .

========================================================================
Received Import Request.
  Time since last request: 504.094607 seconds.
  path: Assets/Scripts/Manager.cs
  artifactKey: Guid(1cdf15bfcb5e94548a2b378165c4fafa) Importer(815301076,1909f56bfc062723c751e8b465ee728b)
Start importing Assets/Scripts/Manager.cs using Guid(1cdf15bfcb5e94548a2b378165c4fafa) Importer(815301076,1909f56bfc062723c751e8b465ee728b)  -> (artifact id: 'cc54353623252bb9ab2ab3af63cd8e3b') in 0.002743 seconds
  Import took 0.004832 seconds .

========================================================================
Received Import Request.
  Time since last request: 775.556379 seconds.
  path: Assets/Scripts/Manager.cs
  artifactKey: Guid(1cdf15bfcb5e94548a2b378165c4fafa) Importer(815301076,1909f56bfc062723c751e8b465ee728b)
Start importing Assets/Scripts/Manager.cs using Guid(1cdf15bfcb5e94548a2b378165c4fafa) Importer(815301076,1909f56bfc062723c751e8b465ee728b)  -> (artifact id: '59b67373f989cfa53392b66e16f74831') in 0.004477 seconds
  Import took 0.010804 seconds .

========================================================================
Received Prepare
Registering precompiled user dll's ...
Registered in 0.002082 seconds.
Begin MonoManager ReloadAssembly
Native extension for OSXStandalone target not found
Refreshing native plugins compatible for Editor in 0.39 ms, found 2 plugins.
Preloading 0 native plugins for Editor in 0.00 ms.
Mono: successfully reloaded assembly
- Completed reload, in  2.314 seconds
Platform modules already initialized, skipping
Refreshing native plugins compatible for Editor in 0.34 ms, found 2 plugins.
Preloading 0 native plugins for Editor in 0.00 ms.
Unloading 1496 Unused Serialized files (Serialized files now loaded: 0)
System memory in use before: 196.6 MB.
System memory in use after: 196.3 MB.

Unloading 14 unused Assets to reduce memory usage. Loaded Objects now: 2025.
Total: 1.590292 ms (FindLiveObjects: 0.125917 ms CreateObjectMapping: 0.028916 ms MarkObjects: 1.104542 ms  DeleteObjects: 0.330125 ms)

========================================================================
Received Prepare
Registering precompiled user dll's ...
Registered in 0.001198 seconds.
Begin MonoManager ReloadAssembly
Native extension for OSXStandalone target not found
Refreshing native plugins compatible for Editor in 0.50 ms, found 2 plugins.
Preloading 0 native plugins for Editor in 0.00 ms.
Mono: successfully reloaded assembly
- Completed reload, in  2.110 seconds
Platform modules already initialized, skipping
Refreshing native plugins compatible for Editor in 0.34 ms, found 2 plugins.
Preloading 0 native plugins for Editor in 0.00 ms.
Unloading 1496 Unused Serialized files (Serialized files now loaded: 0)
System memory in use before: 196.8 MB.
System memory in use after: 196.5 MB.

Unloading 14 unused Assets to reduce memory usage. Loaded Objects now: 2028.
Total: 1.575417 ms (FindLiveObjects: 0.114542 ms CreateObjectMapping: 0.027750 ms MarkObjects: 1.068750 ms  DeleteObjects: 0.363667 ms)

========================================================================
Received Prepare
Registering precompiled user dll's ...
Registered in 0.003346 seconds.
Begin MonoManager ReloadAssembly
Native extension for OSXStandalone target not found
Refreshing native plugins compatible for Editor in 0.37 ms, found 2 plugins.
Preloading 0 native plugins for Editor in 0.00 ms.
Mono: successfully reloaded assembly
- Completed reload, in  2.129 seconds
Platform modules already initialized, skipping
Refreshing native plugins compatible for Editor in 0.33 ms, found 2 plugins.
Preloading 0 native plugins for Editor in 0.00 ms.
Unloading 1496 Unused Serialized files (Serialized files now loaded: 0)
System memory in use before: 197.1 MB.
System memory in use after: 196.8 MB.

Unloading 14 unused Assets to reduce memory usage. Loaded Objects now: 2031.
Total: 1.562416 ms (FindLiveObjects: 0.092833 ms CreateObjectMapping: 0.029250 ms MarkObjects: 1.075834 ms  DeleteObjects: 0.363791 ms)

========================================================================
Received Prepare
Registering precompiled user dll's ...
Registered in 0.001145 seconds.
Begin MonoManager ReloadAssembly
Native extension for OSXStandalone target not found
Refreshing native plugins compatible for Editor in 0.37 ms, found 2 plugins.
Preloading 0 native plugins for Editor in 0.00 ms.
Mono: successfully reloaded assembly
- Completed reload, in  2.082 seconds
Platform modules already initialized, skipping
Refreshing native plugins compatible for Editor in 0.34 ms, found 2 plugins.
Preloading 0 native plugins for Editor in 0.00 ms.
Unloading 1496 Unused Serialized files (Serialized files now loaded: 0)
System memory in use before: 197.3 MB.
System memory in use after: 197.0 MB.

Unloading 14 unused Assets to reduce memory usage. Loaded Objects now: 2034.
Total: 1.598083 ms (FindLiveObjects: 0.095792 ms CreateObjectMapping: 0.028000 ms MarkObjects: 1.090416 ms  DeleteObjects: 0.383167 ms)

========================================================================
Received Prepare
Registering precompiled user dll's ...
Registered in 0.001635 seconds.
Begin MonoManager ReloadAssembly
Native extension for OSXStandalone target not found
Refreshing native plugins compatible for Editor in 0.37 ms, found 2 plugins.
Preloading 0 native plugins for Editor in 0.00 ms.
Mono: successfully reloaded assembly
- Completed reload, in  2.154 seconds
Platform modules already initialized, skipping
Refreshing native plugins compatible for Editor in 0.33 ms, found 2 plugins.
Preloading 0 native plugins for Editor in 0.00 ms.
Unloading 1496 Unused Serialized files (Serialized files now loaded: 0)
System memory in use before: 197.5 MB.
System memory in use after: 197.2 MB.

Unloading 14 unused Assets to reduce memory usage. Loaded Objects now: 2037.
Total: 1.554417 ms (FindLiveObjects: 0.094125 ms CreateObjectMapping: 0.028875 ms MarkObjects: 1.058125 ms  DeleteObjects: 0.372667 ms)

========================================================================
Received Prepare
Registering precompiled user dll's ...
Registered in 0.001574 seconds.
Begin MonoManager ReloadAssembly
Native extension for OSXStandalone target not found
Refreshing native plugins compatible for Editor in 0.40 ms, found 2 plugins.
Preloading 0 native plugins for Editor in 0.00 ms.
Mono: successfully reloaded assembly
- Completed reload, in  2.156 seconds
Platform modules already initialized, skipping
Refreshing native plugins compatible for Editor in 0.33 ms, found 2 plugins.
Preloading 0 native plugins for Editor in 0.00 ms.
Unloading 1496 Unused Serialized files (Serialized files now loaded: 0)
System memory in use before: 197.8 MB.
System memory in use after: 197.4 MB.

Unloading 14 unused Assets to reduce memory usage. Loaded Objects now: 2040.
Total: 1.611583 ms (FindLiveObjects: 0.101333 ms CreateObjectMapping: 0.029292 ms MarkObjects: 1.086541 ms  DeleteObjects: 0.393708 ms)

========================================================================
Received Prepare
Registering precompiled user dll's ...
Registered in 0.005865 seconds.
Begin MonoManager ReloadAssembly
Native extension for OSXStandalone target not found
Refreshing native plugins compatible for Editor in 0.46 ms, found 2 plugins.
Preloading 0 native plugins for Editor in 0.00 ms.
Mono: successfully reloaded assembly
- Completed reload, in  2.525 seconds
Platform modules already initialized, skipping
Refreshing native plugins compatible for Editor in 0.51 ms, found 2 plugins.
Preloading 0 native plugins for Editor in 0.00 ms.
Unloading 1496 Unused Serialized files (Serialized files now loaded: 0)
System memory in use before: 197.9 MB.
System memory in use after: 197.6 MB.

Unloading 14 unused Assets to reduce memory usage. Loaded Objects now: 2043.
Total: 1.776666 ms (FindLiveObjects: 0.147042 ms CreateObjectMapping: 0.031500 ms MarkObjects: 1.147958 ms  DeleteObjects: 0.449334 ms)

========================================================================
Received Prepare
Registering precompiled user dll's ...
Registered in 0.004277 seconds.
Begin MonoManager ReloadAssembly
Native extension for OSXStandalone target not found
Refreshing native plugins compatible for Editor in 0.52 ms, found 2 plugins.
Preloading 0 native plugins for Editor in 0.00 ms.
Mono: successfully reloaded assembly
- Completed reload, in  2.736 seconds
Platform modules already initialized, skipping
Refreshing native plugins compatible for Editor in 0.75 ms, found 2 plugins.
Preloading 0 native plugins for Editor in 0.00 ms.
Unloading 1496 Unused Serialized files (Serialized files now loaded: 0)
System memory in use before: 198.1 MB.
System memory in use after: 197.8 MB.

Unloading 14 unused Assets to reduce memory usage. Loaded Objects now: 2046.
Total: 2.808625 ms (FindLiveObjects: 0.332292 ms CreateObjectMapping: 0.039000 ms MarkObjects: 1.932417 ms  DeleteObjects: 0.503416 ms)

========================================================================
Received Prepare
Registering precompiled user dll's ...
Registered in 0.001323 seconds.
Begin MonoManager ReloadAssembly
Native extension for OSXStandalone target not found
Refreshing native plugins compatible for Editor in 0.45 ms, found 2 plugins.
Preloading 0 native plugins for Editor in 0.00 ms.
Mono: successfully reloaded assembly
- Completed reload, in  2.272 seconds
Platform modules already initialized, skipping
Refreshing native plugins compatible for Editor in 0.38 ms, found 2 plugins.
Preloading 0 native plugins for Editor in 0.00 ms.
Unloading 1496 Unused Serialized files (Serialized files now loaded: 0)
System memory in use before: 198.3 MB.
System memory in use after: 198.0 MB.

Unloading 14 unused Assets to reduce memory usage. Loaded Objects now: 2049.
Total: 1.806042 ms (FindLiveObjects: 0.151958 ms CreateObjectMapping: 0.030250 ms MarkObjects: 1.195458 ms  DeleteObjects: 0.427583 ms)

========================================================================
Received Prepare
Registering precompiled user dll's ...
Registered in 0.001598 seconds.
Begin MonoManager ReloadAssembly
Native extension for OSXStandalone target not found
Refreshing native plugins compatible for Editor in 0.45 ms, found 2 plugins.
Preloading 0 native plugins for Editor in 0.00 ms.
Mono: successfully reloaded assembly
- Completed reload, in  2.196 seconds
Platform modules already initialized, skipping
Refreshing native plugins compatible for Editor in 0.46 ms, found 2 plugins.
Preloading 0 native plugins for Editor in 0.00 ms.
Unloading 1496 Unused Serialized files (Serialized files now loaded: 0)
System memory in use before: 198.5 MB.
System memory in use after: 198.2 MB.

Unloading 14 unused Assets to reduce memory usage. Loaded Objects now: 2052.
Total: 1.864584 ms (FindLiveObjects: 0.145959 ms CreateObjectMapping: 0.030667 ms MarkObjects: 1.247583 ms  DeleteObjects: 0.439417 ms)

========================================================================
Received Prepare
Registering precompiled user dll's ...
Registered in 0.001979 seconds.
Begin MonoManager ReloadAssembly
Native extension for OSXStandalone target not found
Refreshing native plugins compatible for Editor in 0.39 ms, found 2 plugins.
Preloading 0 native plugins for Editor in 0.00 ms.
Mono: successfully reloaded assembly
- Completed reload, in  2.235 seconds
Platform modules already initialized, skipping
Refreshing native plugins compatible for Editor in 0.34 ms, found 2 plugins.
Preloading 0 native plugins for Editor in 0.00 ms.
Unloading 1496 Unused Serialized files (Serialized files now loaded: 0)
System memory in use before: 198.7 MB.
System memory in use after: 198.4 MB.

Unloading 14 unused Assets to reduce memory usage. Loaded Objects now: 2055.
Total: 2.103875 ms (FindLiveObjects: 0.106458 ms CreateObjectMapping: 0.030250 ms MarkObjects: 1.426000 ms  DeleteObjects: 0.540458 ms)

========================================================================
Received Import Request.
  Time since last request: 6300.233113 seconds.
  path: Assets/Scripts/ButtonManager.cs
  artifactKey: Guid(13127be9c5686fe4a91e30c3fb1f40df) Importer(815301076,1909f56bfc062723c751e8b465ee728b)
Start importing Assets/Scripts/ButtonManager.cs using Guid(13127be9c5686fe4a91e30c3fb1f40df) Importer(815301076,1909f56bfc062723c751e8b465ee728b)  -> (artifact id: 'a5db6d45f633c03f17d3a6e4546eb1b3') in 0.008602 seconds
  Import took 0.012780 seconds .

========================================================================
Received Import Request.
  Time since last request: 0.002482 seconds.
  path: Assets/Scripts/ButtonManager.cs
  artifactKey: Guid(13127be9c5686fe4a91e30c3fb1f40df) Importer(815301076,1909f56bfc062723c751e8b465ee728b)
Start importing Assets/Scripts/ButtonManager.cs using Guid(13127be9c5686fe4a91e30c3fb1f40df) Importer(815301076,1909f56bfc062723c751e8b465ee728b)  -> (artifact id: 'a5db6d45f633c03f17d3a6e4546eb1b3') in 0.001831 seconds
  Import took 0.003832 seconds .

========================================================================
Received Import Request.
  Time since last request: 4.057242 seconds.
  path: Assets/Scripts/ButtonManager 2.cs
  artifactKey: Guid(9874c0d4ada8b42ecae726c154ae5a87) Importer(815301076,1909f56bfc062723c751e8b465ee728b)
Start importing Assets/Scripts/ButtonManager 2.cs using Guid(9874c0d4ada8b42ecae726c154ae5a87) Importer(815301076,1909f56bfc062723c751e8b465ee728b)  -> (artifact id: 'b3a6bdaaab27cdeac79c3f4467128ad7') in 0.003695 seconds
  Import took 0.006470 seconds .

========================================================================
Received Import Request.
  Time since last request: 11.786463 seconds.
  path: Assets/Scripts/ButtonManager 2.cs
  artifactKey: Guid(9874c0d4ada8b42ecae726c154ae5a87) Importer(815301076,1909f56bfc062723c751e8b465ee728b)
Start importing Assets/Scripts/ButtonManager 2.cs using Guid(9874c0d4ada8b42ecae726c154ae5a87) Importer(815301076,1909f56bfc062723c751e8b465ee728b)  -> (artifact id: 'c21edb648f680337c8f4765f107abf5b') in 0.002412 seconds
  Import took 0.005327 seconds .

========================================================================
Received Import Request.
  Time since last request: 153.633887 seconds.
  path: Assets/Scripts/ButtonManager.cs
  artifactKey: Guid(13127be9c5686fe4a91e30c3fb1f40df) Importer(815301076,1909f56bfc062723c751e8b465ee728b)
Start importing Assets/Scripts/ButtonManager.cs using Guid(13127be9c5686fe4a91e30c3fb1f40df) Importer(815301076,1909f56bfc062723c751e8b465ee728b)  -> (artifact id: 'c5f5bd4d92f6622cad560ecaf4d7112e') in 0.003040 seconds
  Import took 0.005703 seconds .

========================================================================
Received Prepare
Registering precompiled user dll's ...
Registered in 0.001962 seconds.
Begin MonoManager ReloadAssembly
Native extension for OSXStandalone target not found
Refreshing native plugins compatible for Editor in 0.39 ms, found 2 plugins.
Preloading 0 native plugins for Editor in 0.00 ms.
Mono: successfully reloaded assembly
- Completed reload, in  2.206 seconds
Platform modules already initialized, skipping
Refreshing native plugins compatible for Editor in 0.53 ms, found 2 plugins.
Preloading 0 native plugins for Editor in 0.00 ms.
Unloading 1501 Unused Serialized files (Serialized files now loaded: 0)
System memory in use before: 199.2 MB.
System memory in use after: 198.9 MB.

Unloading 14 unused Assets to reduce memory usage. Loaded Objects now: 2063.
Total: 1.795959 ms (FindLiveObjects: 0.173917 ms CreateObjectMapping: 0.031083 ms MarkObjects: 1.150208 ms  DeleteObjects: 0.439709 ms)

========================================================================
Received Prepare
Registering precompiled user dll's ...
Registered in 0.001647 seconds.
Begin MonoManager ReloadAssembly
Native extension for OSXStandalone target not found
Refreshing native plugins compatible for Editor in 0.46 ms, found 2 plugins.
Preloading 0 native plugins for Editor in 0.00 ms.
Mono: successfully reloaded assembly
- Completed reload, in  2.333 seconds
Platform modules already initialized, skipping
Refreshing native plugins compatible for Editor in 0.37 ms, found 2 plugins.
Preloading 0 native plugins for Editor in 0.00 ms.
Unloading 1501 Unused Serialized files (Serialized files now loaded: 0)
System memory in use before: 199.4 MB.
System memory in use after: 199.0 MB.

Unloading 14 unused Assets to reduce memory usage. Loaded Objects now: 2066.
Total: 1.782667 ms (FindLiveObjects: 0.112416 ms CreateObjectMapping: 0.031583 ms MarkObjects: 1.196792 ms  DeleteObjects: 0.441042 ms)

========================================================================
Received Prepare
Registering precompiled user dll's ...
Registered in 0.003796 seconds.
Begin MonoManager ReloadAssembly
Native extension for OSXStandalone target not found
Refreshing native plugins compatible for Editor in 0.36 ms, found 2 plugins.
Preloading 0 native plugins for Editor in 0.00 ms.
Mono: successfully reloaded assembly
- Completed reload, in  2.090 seconds
Platform modules already initialized, skipping
Refreshing native plugins compatible for Editor in 0.33 ms, found 2 plugins.
Preloading 0 native plugins for Editor in 0.00 ms.
Unloading 1501 Unused Serialized files (Serialized files now loaded: 0)
System memory in use before: 199.6 MB.
System memory in use after: 199.2 MB.

Unloading 14 unused Assets to reduce memory usage. Loaded Objects now: 2069.
Total: 1.620709 ms (FindLiveObjects: 0.094208 ms CreateObjectMapping: 0.028458 ms MarkObjects: 1.108584 ms  DeleteObjects: 0.388917 ms)

